<?xml version="1.0" encoding="UTF-8"?>
<!-- Generated by org.testng.reporters.JUnitXMLReporter -->
<testsuite ignored="0" hostname="DESKTOP-6TNPV6L" failures="0" tests="4" name="Test" time="21.157" errors="0" timestamp="2020-10-22T16:31:30 EDT">
  <testcase classname="Academy.LandingPageFunctions" name="featuredCourseTitle" time="0.041"/>
  <testcase classname="Academy.validateNavigationBar" name="navigationBar" time="0.041"/>
  <testcase classname="Academy.HomePage" name="baseHomePageNavigation" time="4.455"/>
  <testcase classname="Academy.HomePage" name="baseHomePageNavigation" time="2.05"/>
</testsuite> <!-- Test -->
