<?xml version="1.0" encoding="UTF-8"?>
<!-- Generated by org.testng.reporters.JUnitXMLReporter -->
<testsuite ignored="0" hostname="DESKTOP-6TNPV6L" failures="0" tests="2" name="validating Landing Functions" time="33.167" errors="0" timestamp="2020-11-19T13:48:03 EST">
  <testcase classname="io.cucumber.testng.AbstractTestNGCucumberTests" name="runScenario" time="15.857"/>
  <testcase classname="io.cucumber.testng.AbstractTestNGCucumberTests" name="runScenario" time="15.749"/>
</testsuite> <!-- validating Landing Functions -->
