<?xml version="1.0" encoding="UTF-8"?>
<testng-results ignored="0" total="2" passed="2" failed="0" skipped="0">
  <reporter-output>
  </reporter-output>
  <suite started-at="2020-11-19T13:47:30 EST" name="Suite" finished-at="2020-11-19T13:48:03 EST" duration-ms="33167">
    <groups>
      <group name="cucumber">
        <method signature="AbstractTestNGCucumberTests.runScenario(io.cucumber.testng.PickleWrapper, io.cucumber.testng.FeatureWrapper)[pri:0, instance:cucumberoptions.TestRunner@36c88a32]" name="runScenario" class="io.cucumber.testng.AbstractTestNGCucumberTests"/>
      </group> <!-- cucumber -->
    </groups>
    <test started-at="2020-11-19T13:47:30 EST" name="validating Landing Functions" finished-at="2020-11-19T13:48:03 EST" duration-ms="33167">
      <class name="cucumberoptions.TestRunner">
        <test-method is-config="true" signature="setUpClass()[pri:0, instance:cucumberoptions.TestRunner@36c88a32]" started-at="2020-11-19T13:47:30 EST" name="setUpClass" finished-at="2020-11-19T13:47:30 EST" duration-ms="316" status="PASS">
          <reporter-output>
          </reporter-output>
        </test-method> <!-- setUpClass -->
        <test-method signature="runScenario(io.cucumber.testng.PickleWrapper, io.cucumber.testng.FeatureWrapper)[pri:0, instance:cucumberoptions.TestRunner@36c88a32]" started-at="2020-11-19T13:47:31 EST" name="runScenario" description="Runs Cucumber Scenarios" data-provider="scenarios" finished-at="2020-11-19T13:47:46 EST" duration-ms="15857" status="PASS">
          <params>
            <param index="0">
              <value>
                <![CDATA["Postive test validating login"]]>
              </value>
            </param>
            <param index="1">
              <value>
                <![CDATA["Optional[Login into the application]"]]>
              </value>
            </param>
          </params>
          <reporter-output>
          </reporter-output>
        </test-method> <!-- runScenario -->
        <test-method signature="runScenario(io.cucumber.testng.PickleWrapper, io.cucumber.testng.FeatureWrapper)[pri:0, instance:cucumberoptions.TestRunner@36c88a32]" started-at="2020-11-19T13:47:46 EST" name="runScenario" description="Runs Cucumber Scenarios" data-provider="scenarios" finished-at="2020-11-19T13:48:02 EST" duration-ms="15749" status="PASS">
          <params>
            <param index="0">
              <value>
                <![CDATA["Postive test validating login"]]>
              </value>
            </param>
            <param index="1">
              <value>
                <![CDATA["Optional[Login into the application]"]]>
              </value>
            </param>
          </params>
          <reporter-output>
          </reporter-output>
        </test-method> <!-- runScenario -->
        <test-method is-config="true" signature="tearDownClass()[pri:0, instance:cucumberoptions.TestRunner@36c88a32]" started-at="2020-11-19T13:48:02 EST" name="tearDownClass" finished-at="2020-11-19T13:48:03 EST" duration-ms="1220" status="PASS">
          <reporter-output>
          </reporter-output>
        </test-method> <!-- tearDownClass -->
      </class> <!-- cucumberoptions.TestRunner -->
    </test> <!-- validating Landing Functions -->
  </suite> <!-- Suite -->
</testng-results>
