<?xml version="1.0" encoding="UTF-8"?>
<!-- Generated by org.testng.reporters.JUnitXMLReporter -->
<testsuite ignored="0" hostname="DESKTOP-6TNPV6L" failures="1" tests="2" name="Navigation Bar" time="11.716" errors="0" timestamp="2020-11-18T19:00:29 EST">
  <testcase classname="Academy.validateNavigationBar" name="header" time="0.001">
    <failure type="java.lang.NullPointerException">
      <![CDATA[java.lang.NullPointerException
at Academy.validateNavigationBar.header(validateNavigationBar.java:41)
at java.base/java.util.ArrayList.forEach(ArrayList.java:1511)
at java.base/java.util.concurrent.FutureTask.run(FutureTask.java:264)
at java.base/java.util.concurrent.ThreadPoolExecutor.runWorker(ThreadPoolExecutor.java:1130)
at java.base/java.util.concurrent.ThreadPoolExecutor$Worker.run(ThreadPoolExecutor.java:630)
at java.base/java.lang.Thread.run(Thread.java:832)
... Removed 18 stack frames]]>
    </failure>
  </testcase> <!-- header -->
  <testcase classname="Academy.validateNavigationBar" name="navigationBar" time="0.172"/>
</testsuite> <!-- Navigation Bar -->
