<?xml version="1.0" encoding="UTF-8"?>
<!-- Generated by org.testng.reporters.JUnitXMLReporter -->
<testsuite ignored="0" hostname="DESKTOP-6TNPV6L" failures="0" tests="4" name="Test" time="25.527" errors="0" timestamp="2020-10-23T12:26:33 EDT">
  <testcase classname="Academy.LandingPageFunctions" name="featuredCourseTitle" time="0.038"/>
  <testcase classname="Academy.validateNavigationBar" name="navigationBar" time="0.045"/>
  <testcase classname="Academy.HomePage" name="baseHomePageNavigation" time="4.566"/>
  <testcase classname="Academy.HomePage" name="baseHomePageNavigation" time="1.736"/>
</testsuite> <!-- Test -->
